<?xml version="1.0" encoding="UTF-8"?>
<!-- Generated by org.testng.reporters.JUnitReportReporter -->
<testsuite hostname="Bharani" failures="0" tests="1" name="scripting.Testcase2" time="11.409" errors="0" timestamp="2022-11-03T17:23:55 IST" skipped="0">
  <testcase classname="scripting.Testcase2" name="tc2" time="11.409"/>
  <system-out/>
</testsuite> <!-- scripting.Testcase2 -->
